<?xml version="1.0" encoding="UTF-8"?>
<testsuite name="by.sysoev.tourApp.TourAppApplicationTests" tests="1" skipped="0" failures="0" errors="0" timestamp="2026-03-14T08:01:19.296Z" hostname="daniil-PC" time="3.111">
  <properties/>
  <testcase name="contextLoads()" classname="by.sysoev.tourApp.TourAppApplicationTests" time="0.421"/>
  <system-out><![CDATA[11:01:19.402 [Test worker] INFO org.springframework.test.context.support.AnnotationConfigContextLoaderUtils -- Could not detect default configuration classes for test class [by.sysoev.tourApp.TourAppApplicationTests]: TourAppApplicationTests does not declare any static, non-private, non-final, nested classes annotated with @Configuration.
11:01:19.475 [Test worker] INFO org.springframework.boot.test.context.SpringBootTestContextBootstrapper -- Found @SpringBootConfiguration by.sysoev.tourApp.TourAppApplication for test class by.sysoev.tourApp.TourAppApplicationTests

  .   ____          _            __ _ _
 /\\ / ___'_ __ _ _(_)_ __  __ _ \ \ \ \
( ( )\___ | '_ | '_| | '_ \/ _` | \ \ \ \
 \\/  ___)| |_)| | | | | || (_| |  ) ) ) )
  '  |____| .__|_| |_|_| |_\__, | / / / /
 =========|_|==============|___/=/_/_/_/

 :: Spring Boot ::                (v4.0.3)

2026-03-14 11:01:19 [Test worker] INFO  b.s.tourApp.TourAppApplicationTests - Starting TourAppApplicationTests using Java 17.0.18 with PID 13615 (started by daniil in /home/daniil/projects/java/spring/TourApp)
2026-03-14 11:01:19 [Test worker] INFO  b.s.tourApp.TourAppApplicationTests - No active profile set, falling back to 1 default profile: "default"
2026-03-14 11:01:20 [Test worker] INFO  com.zaxxer.hikari.HikariDataSource - HikariPool-1 - Starting...
2026-03-14 11:01:20 [Test worker] INFO  com.zaxxer.hikari.pool.HikariPool - HikariPool-1 - Added connection org.postgresql.jdbc.PgConnection@1b94c789
2026-03-14 11:01:20 [Test worker] INFO  com.zaxxer.hikari.HikariDataSource - HikariPool-1 - Start completed.
2026-03-14 11:01:21 [Test worker] WARN  o.s.s.c.a.a.c.InitializeUserDetailsBeanManagerConfigurer$InitializeUserDetailsManagerConfigurer - Global AuthenticationManager configured with an AuthenticationProvider bean. UserDetailsService beans will not be used by Spring Security for automatically configuring username/password login. Consider removing the AuthenticationProvider bean. Alternatively, consider using the UserDetailsService in a manually instantiated DaoAuthenticationProvider. If the current configuration is intentional, to turn off this warning, increase the logging level of 'org.springframework.security.config.annotation.authentication.configuration.InitializeUserDetailsBeanManagerConfigurer' to ERROR
2026-03-14 11:01:21 [Test worker] INFO  b.s.tourApp.TourAppApplicationTests - Started TourAppApplicationTests in 2.407 seconds (process running for 3.319)
]]></system-out>
  <system-err><![CDATA[]]></system-err>
</testsuite>
